# JRE version: OpenJDK Runtime Environment (25.0.1+8) (build 25.0.1+8-27)
# Java VM: OpenJDK 64-Bit Server VM (25.0.1+8-27, mixed mode, sharing, tiered, compressed oops, compressed class ptrs, g1 gc, windows-amd64)
GC Precious Log:
 CardTable entry size: 512
 Card Set container configuration: InlinePtr #cards 4 size 8 Array Of Cards #cards 32 size 80 Howl #buckets 8 coarsen threshold 7372 Howl Bitmap #cards 1024 size 144 coarsen threshold 921 Card regions per heap region 1 cards per card region 8192
 CPUs: 22 total, 22 available
 Memory: 32233M
 Large Page Support: Disabled
 NUMA Support: Disabled
 Compressed Oops: Enabled (Zero based)
 Heap Region Size: 4M
 Heap Min Capacity: 8M
 Heap Initial Capacity: 504M
 Heap Max Capacity: 8060M
 Pre-touch: Disabled
 Parallel Workers: 16
 Concurrent Workers: 4
 Concurrent Refinement Workers: 16
 Periodic GC: Disabled
Heap:
 garbage-first heap   total reserved 8253440K, committed 98304K, used 66882K [0x0000000608400000, 0x0000000800000000)
  region size 4096K, 7 young (28672K), 1 survivors (4096K)
GC Heap Usage History (20 events):
Event: 5.462 {heap Before GC invocations=4 (full 0):
 garbage-first heap   total reserved 8253440K, committed 102400K, used 64424K [0x0000000608400000, 0x0000000800000000)
  region size 4096K, 15 young (61440K), 5 survivors (20480K)
}
Event: 5.480 {heap After GC invocations=5 (full 0):
 garbage-first heap   total reserved 8253440K, committed 102400K, used 27523K [0x0000000608400000, 0x0000000800000000)
  region size 4096K, 2 young (8192K), 2 survivors (8192K)
}
Event: 5.776 {heap Before GC invocations=5 (full 0):
 garbage-first heap   total reserved 8253440K, committed 102400K, used 35715K [0x0000000608400000, 0x0000000800000000)
  region size 4096K, 5 young (20480K), 2 survivors (8192K)
}
Event: 5.783 {heap After GC invocations=6 (full 0):
 garbage-first heap   total reserved 8253440K, committed 102400K, used 26822K [0x0000000608400000, 0x0000000800000000)
  region size 4096K, 1 young (4096K), 1 survivors (4096K)
}
Event: 7.041 {heap Before GC invocations=7 (full 0):
 garbage-first heap   total reserved 8253440K, committed 98304K, used 71878K [0x0000000608400000, 0x0000000800000000)
  region size 4096K, 13 young (53248K), 1 survivors (4096K)
}
Event: 7.052 {heap After GC invocations=8 (full 0):
 garbage-first heap   total reserved 8253440K, committed 98304K, used 28830K [0x0000000608400000, 0x0000000800000000)
  region size 4096K, 2 young (8192K), 2 survivors (8192K)
}
Event: 8.224 {heap Before GC invocations=8 (full 0):
 garbage-first heap   total reserved 8253440K, committed 98304K, used 73886K [0x0000000608400000, 0x0000000800000000)
  region size 4096K, 13 young (53248K), 2 survivors (8192K)
}
Event: 8.242 {heap After GC invocations=9 (full 0):
 garbage-first heap   total reserved 8253440K, committed 98304K, used 34525K [0x0000000608400000, 0x0000000800000000)
  region size 4096K, 2 young (8192K), 2 survivors (8192K)
}
Event: 9.717 {heap Before GC invocations=9 (full 0):
 garbage-first heap   total reserved 8253440K, committed 98304K, used 75485K [0x0000000608400000, 0x0000000800000000)
  region size 4096K, 12 young (49152K), 2 survivors (8192K)
}
Event: 9.726 {heap After GC invocations=10 (full 0):
 garbage-first heap   total reserved 8253440K, committed 98304K, used 40054K [0x0000000608400000, 0x0000000800000000)
  region size 4096K, 2 young (8192K), 2 survivors (8192K)
}
Event: 102.353 {heap Before GC invocations=10 (full 0):
 garbage-first heap   total reserved 8253440K, committed 98304K, used 72822K [0x0000000608400000, 0x0000000800000000)
  region size 4096K, 11 young (45056K), 2 survivors (8192K)
}
Event: 102.375 {heap After GC invocations=11 (full 0):
 garbage-first heap   total reserved 8253440K, committed 98304K, used 43842K [0x0000000608400000, 0x0000000800000000)
  region size 4096K, 1 young (4096K), 1 survivors (4096K)
}
Event: 102.467 {heap Before GC invocations=11 (full 0):
 garbage-first heap   total reserved 8253440K, committed 98304K, used 43842K [0x0000000608400000, 0x0000000800000000)
  region size 4096K, 2 young (8192K), 1 survivors (4096K)
}
Event: 102.476 {heap After GC invocations=12 (full 0):
 garbage-first heap   total reserved 8253440K, committed 98304K, used 43700K [0x0000000608400000, 0x0000000800000000)
  region size 4096K, 1 young (4096K), 1 survivors (4096K)
}
Event: 1119.714 {heap Before GC invocations=13 (full 0):
 garbage-first heap   total reserved 8253440K, committed 98304K, used 84660K [0x0000000608400000, 0x0000000800000000)
  region size 4096K, 11 young (45056K), 1 survivors (4096K)
}
Event: 1119.722 {heap After GC invocations=14 (full 0):
 garbage-first heap   total reserved 8253440K, committed 98304K, used 46738K [0x0000000608400000, 0x0000000800000000)
  region size 4096K, 2 young (8192K), 2 survivors (8192K)
}
Event: 3701.477 {heap Before GC invocations=14 (full 0):
 garbage-first heap   total reserved 8253440K, committed 98304K, used 83602K [0x0000000608400000, 0x0000000800000000)
  region size 4096K, 11 young (45056K), 2 survivors (8192K)
}
Event: 3701.494 {heap After GC invocations=15 (full 0):
 garbage-first heap   total reserved 8253440K, committed 98304K, used 46618K [0x0000000608400000, 0x0000000800000000)
  region size 4096K, 1 young (4096K), 1 survivors (4096K)
}
Event: 5179.618 {heap Before GC invocations=15 (full 0):
 garbage-first heap   total reserved 8253440K, committed 98304K, used 83482K [0x0000000608400000, 0x0000000800000000)
  region size 4096K, 10 young (40960K), 1 survivors (4096K)
}
Event: 5179.631 {heap After GC invocations=16 (full 0):
 garbage-first heap   total reserved 8253440K, committed 98304K, used 46402K [0x0000000608400000, 0x0000000800000000)
  region size 4096K, 1 young (4096K), 1 survivors (4096K)
}

